<?xml version="1.0" encoding="UTF-8"?>
<testsuite name="com.stashinvest.test.UserServicesUnitTest" tests="4" skipped="0" failures="0" errors="0" timestamp="2017-09-27T19:05:02" hostname="macbook-pro" time="64.616">
  <properties/>
  <testcase name="addUserVerifyKeyAndAccountKeyExistAfterCreation" classname="com.stashinvest.test.UserServicesUnitTest" time="62.721"/>
  <testcase name="getUsersWithInvalidQueryAndVerifyError" classname="com.stashinvest.test.UserServicesUnitTest" time="0.02"/>
  <testcase name="addUserWithMissingOrInvalidParameters" classname="com.stashinvest.test.UserServicesUnitTest" time="1.83"/>
  <testcase name="createUserWithAdditionalFieldsAndVerifyErrors" classname="com.stashinvest.test.UserServicesUnitTest" time="0.045"/>
  <system-out><![CDATA[]]></system-out>
  <system-err><![CDATA[]]></system-err>
</testsuite>
